<?xml version="1.0" encoding="UTF-8"?>
<!-- Generated by org.testng.reporters.JUnitReportReporter -->
<testsuite skipped="0" hostname="DESKTOP-L126825" name="com.inetbanking.testCases.TC_LoginTest_001" tests="1" failures="0" timestamp="02 Apr 2021 16:47:11 GMT" time="13.986" errors="0">
  <testcase name="loginTest" time="13.986" classname="com.inetbanking.testCases.TC_LoginTest_001"/>
</testsuite> <!-- com.inetbanking.testCases.TC_LoginTest_001 -->
