<?xml version="1.0" encoding="UTF-8"?>
<!-- Generated by org.testng.reporters.JUnitReportReporter -->
<testsuite hostname="DESKTOP-J47KP1R" failures="0" tests="1" name="com.inetbanking.testCases.TC_LoginTest_001" time="10.612" errors="0" timestamp="2023-08-02T12:14:08 IST" skipped="0">
  <testcase classname="com.inetbanking.testCases.TC_LoginTest_001" name="loginTest" time="10.612"/>
</testsuite> <!-- com.inetbanking.testCases.TC_LoginTest_001 -->
