<?xml version="1.0" encoding="UTF-8"?>
<!-- Generated by org.testng.reporters.JUnitReportReporter -->
<testsuite skipped="0" hostname="DESKTOP-L126825" name="com.inetbanking.testCases.TC_LoginTest_001" tests="1" failures="0" timestamp="23 Feb 2021 09:22:53 GMT" time="9.917" errors="0">
  <testcase name="loginTest" time="9.917" classname="com.inetbanking.testCases.TC_LoginTest_001"/>
</testsuite> <!-- com.inetbanking.testCases.TC_LoginTest_001 -->
